[0.317s] DEBUG:colcon:Command line arguments: ['/usr/bin/colcon', 'build']
[0.317s] DEBUG:colcon:Parsed command line arguments: Namespace(log_base=None, log_level=None, verb_name='build', build_base='build', install_base='install', merge_install=False, symlink_install=False, test_result_base=None, continue_on_error=False, executor='parallel', parallel_workers=2, event_handlers=None, ignore_user_meta=False, metas=['./colcon.meta'], base_paths=['.'], packages_ignore=None, packages_ignore_regex=None, paths=None, packages_up_to=None, packages_up_to_regex=None, packages_above=None, packages_above_and_dependencies=None, packages_above_depth=None, packages_select_by_dep=None, packages_skip_by_dep=None, packages_skip_up_to=None, packages_select_build_failed=False, packages_skip_build_finished=False, packages_select_test_failures=False, packages_skip_test_passed=False, packages_select=None, packages_skip=None, packages_select_regex=None, packages_skip_regex=None, packages_start=None, packages_end=None, cmake_args=None, cmake_target=None, cmake_target_skip_unavailable=False, cmake_clean_cache=False, cmake_clean_first=False, cmake_force_configure=False, ament_cmake_args=None, catkin_cmake_args=None, catkin_skip_building_tests=False, mixin_files=None, mixin=None, verb_parser=<colcon_mixin.mixin.mixin_argument.MixinArgumentDecorator object at 0x7e818fd67010>, verb_extension=<colcon_core.verb.build.BuildVerb object at 0x7e818fd66980>, main=<bound method BuildVerb.main of <colcon_core.verb.build.BuildVerb object at 0x7e818fd66980>>, mixin_verb=('build',))
[0.346s] Level 1:colcon.colcon_core.package_discovery:discover_packages(colcon_meta) check parameters
[0.347s] INFO:colcon.colcon_metadata.package_discovery.colcon_meta:Using configuration from '/root/.colcon/metadata/default/Gazebo.meta'
[0.348s] INFO:colcon.colcon_metadata.package_discovery.colcon_meta:Using configuration from '/root/.colcon/metadata/default/fastrtps.meta'
[0.348s] Level 1:colcon.colcon_core.package_discovery:discover_packages(recursive) check parameters
[0.348s] Level 1:colcon.colcon_core.package_discovery:discover_packages(ignore) check parameters
[0.348s] Level 1:colcon.colcon_core.package_discovery:discover_packages(path) check parameters
[0.348s] Level 1:colcon.colcon_core.package_discovery:discover_packages(colcon_meta) discover
[0.348s] Level 1:colcon.colcon_core.package_discovery:discover_packages(recursive) discover
[0.348s] INFO:colcon.colcon_core.package_discovery:Crawling recursively for packages in '/home/robot/ws_aprendendo_ros2/src'
[0.348s] Level 1:colcon.colcon_core.package_identification:_identify(.) by extensions ['ignore', 'ignore_ament_install']
[0.348s] Level 1:colcon.colcon_core.package_identification:_identify(.) by extension 'ignore'
[0.348s] Level 1:colcon.colcon_core.package_identification:_identify(.) by extension 'ignore_ament_install'
[0.349s] Level 1:colcon.colcon_core.package_identification:_identify(.) by extensions ['colcon_pkg']
[0.349s] Level 1:colcon.colcon_core.package_identification:_identify(.) by extension 'colcon_pkg'
[0.349s] Level 1:colcon.colcon_core.package_identification:_identify(.) by extensions ['colcon_meta']
[0.349s] Level 1:colcon.colcon_core.package_identification:_identify(.) by extension 'colcon_meta'
[0.349s] Level 1:colcon.colcon_core.package_identification:_identify(.) by extensions ['ros']
[0.349s] Level 1:colcon.colcon_core.package_identification:_identify(.) by extension 'ros'
[0.359s] Level 1:colcon.colcon_core.package_identification:_identify(.) by extensions ['cmake', 'python']
[0.359s] Level 1:colcon.colcon_core.package_identification:_identify(.) by extension 'cmake'
[0.359s] Level 1:colcon.colcon_core.package_identification:_identify(.) by extension 'python'
[0.360s] Level 1:colcon.colcon_core.package_identification:_identify(.) by extensions ['python_setup_py']
[0.360s] Level 1:colcon.colcon_core.package_identification:_identify(.) by extension 'python_setup_py'
[0.360s] Level 1:colcon.colcon_core.package_identification:_identify(build) by extensions ['ignore', 'ignore_ament_install']
[0.360s] Level 1:colcon.colcon_core.package_identification:_identify(build) by extension 'ignore'
[0.360s] Level 1:colcon.colcon_core.package_identification:_identify(build) ignored
[0.360s] Level 1:colcon.colcon_core.package_identification:_identify(curintia) by extensions ['ignore', 'ignore_ament_install']
[0.360s] Level 1:colcon.colcon_core.package_identification:_identify(curintia) by extension 'ignore'
[0.360s] Level 1:colcon.colcon_core.package_identification:_identify(curintia) by extension 'ignore_ament_install'
[0.361s] Level 1:colcon.colcon_core.package_identification:_identify(curintia) by extensions ['colcon_pkg']
[0.361s] Level 1:colcon.colcon_core.package_identification:_identify(curintia) by extension 'colcon_pkg'
[0.361s] Level 1:colcon.colcon_core.package_identification:_identify(curintia) by extensions ['colcon_meta']
[0.361s] Level 1:colcon.colcon_core.package_identification:_identify(curintia) by extension 'colcon_meta'
[0.361s] Level 1:colcon.colcon_core.package_identification:_identify(curintia) by extensions ['ros']
[0.361s] Level 1:colcon.colcon_core.package_identification:_identify(curintia) by extension 'ros'
[0.363s] DEBUG:colcon.colcon_core.package_identification:Package 'curintia' with type 'ros.ament_python' and name 'curintia'
[0.363s] Level 1:colcon.colcon_core.package_identification:_identify(install) by extensions ['ignore', 'ignore_ament_install']
[0.363s] Level 1:colcon.colcon_core.package_identification:_identify(install) by extension 'ignore'
[0.363s] Level 1:colcon.colcon_core.package_identification:_identify(install) ignored
[0.363s] Level 1:colcon.colcon_core.package_identification:_identify(log) by extensions ['ignore', 'ignore_ament_install']
[0.364s] Level 1:colcon.colcon_core.package_identification:_identify(log) by extension 'ignore'
[0.364s] Level 1:colcon.colcon_core.package_identification:_identify(log) ignored
[0.364s] Level 1:colcon.colcon_core.package_identification:_identify(meu_primeiro_pacote) by extensions ['ignore', 'ignore_ament_install']
[0.364s] Level 1:colcon.colcon_core.package_identification:_identify(meu_primeiro_pacote) by extension 'ignore'
[0.364s] Level 1:colcon.colcon_core.package_identification:_identify(meu_primeiro_pacote) by extension 'ignore_ament_install'
[0.364s] Level 1:colcon.colcon_core.package_identification:_identify(meu_primeiro_pacote) by extensions ['colcon_pkg']
[0.364s] Level 1:colcon.colcon_core.package_identification:_identify(meu_primeiro_pacote) by extension 'colcon_pkg'
[0.364s] Level 1:colcon.colcon_core.package_identification:_identify(meu_primeiro_pacote) by extensions ['colcon_meta']
[0.364s] Level 1:colcon.colcon_core.package_identification:_identify(meu_primeiro_pacote) by extension 'colcon_meta'
[0.364s] Level 1:colcon.colcon_core.package_identification:_identify(meu_primeiro_pacote) by extensions ['ros']
[0.364s] Level 1:colcon.colcon_core.package_identification:_identify(meu_primeiro_pacote) by extension 'ros'
[0.365s] DEBUG:colcon.colcon_core.package_identification:Package 'meu_primeiro_pacote' with type 'ros.ament_python' and name 'meu_primeiro_pacote'
[0.365s] Level 1:colcon.colcon_core.package_identification:_identify(pacote_de_exemplos) by extensions ['ignore', 'ignore_ament_install']
[0.365s] Level 1:colcon.colcon_core.package_identification:_identify(pacote_de_exemplos) by extension 'ignore'
[0.365s] Level 1:colcon.colcon_core.package_identification:_identify(pacote_de_exemplos) by extension 'ignore_ament_install'
[0.365s] Level 1:colcon.colcon_core.package_identification:_identify(pacote_de_exemplos) by extensions ['colcon_pkg']
[0.366s] Level 1:colcon.colcon_core.package_identification:_identify(pacote_de_exemplos) by extension 'colcon_pkg'
[0.366s] Level 1:colcon.colcon_core.package_identification:_identify(pacote_de_exemplos) by extensions ['colcon_meta']
[0.366s] Level 1:colcon.colcon_core.package_identification:_identify(pacote_de_exemplos) by extension 'colcon_meta'
[0.366s] Level 1:colcon.colcon_core.package_identification:_identify(pacote_de_exemplos) by extensions ['ros']
[0.366s] Level 1:colcon.colcon_core.package_identification:_identify(pacote_de_exemplos) by extension 'ros'
[0.366s] DEBUG:colcon.colcon_core.package_identification:Package 'pacote_de_exemplos' with type 'ros.ament_python' and name 'pacote_de_exemplos'
[0.366s] Level 1:colcon.colcon_core.package_discovery:discover_packages(recursive) using defaults
[0.366s] Level 1:colcon.colcon_core.package_discovery:discover_packages(ignore) discover
[0.366s] Level 1:colcon.colcon_core.package_discovery:discover_packages(ignore) using defaults
[0.367s] Level 1:colcon.colcon_core.package_discovery:discover_packages(path) discover
[0.367s] Level 1:colcon.colcon_core.package_discovery:discover_packages(path) using defaults
[0.389s] Level 5:colcon.colcon_core.verb:set package 'curintia' build argument 'cmake_args' from command line to 'None'
[0.389s] Level 5:colcon.colcon_core.verb:set package 'curintia' build argument 'cmake_target' from command line to 'None'
[0.389s] Level 5:colcon.colcon_core.verb:set package 'curintia' build argument 'cmake_target_skip_unavailable' from command line to 'False'
[0.389s] Level 5:colcon.colcon_core.verb:set package 'curintia' build argument 'cmake_clean_cache' from command line to 'False'
[0.389s] Level 5:colcon.colcon_core.verb:set package 'curintia' build argument 'cmake_clean_first' from command line to 'False'
[0.389s] Level 5:colcon.colcon_core.verb:set package 'curintia' build argument 'cmake_force_configure' from command line to 'False'
[0.389s] Level 5:colcon.colcon_core.verb:set package 'curintia' build argument 'ament_cmake_args' from command line to 'None'
[0.389s] Level 5:colcon.colcon_core.verb:set package 'curintia' build argument 'catkin_cmake_args' from command line to 'None'
[0.389s] Level 5:colcon.colcon_core.verb:set package 'curintia' build argument 'catkin_skip_building_tests' from command line to 'False'
[0.389s] DEBUG:colcon.colcon_core.verb:Building package 'curintia' with the following arguments: {'ament_cmake_args': None, 'build_base': '/home/robot/ws_aprendendo_ros2/src/build/curintia', 'catkin_cmake_args': None, 'catkin_skip_building_tests': False, 'cmake_args': None, 'cmake_clean_cache': False, 'cmake_clean_first': False, 'cmake_force_configure': False, 'cmake_target': None, 'cmake_target_skip_unavailable': False, 'install_base': '/home/robot/ws_aprendendo_ros2/src/install/curintia', 'merge_install': False, 'path': '/home/robot/ws_aprendendo_ros2/src/curintia', 'symlink_install': False, 'test_result_base': None}
[0.390s] Level 5:colcon.colcon_core.verb:set package 'meu_primeiro_pacote' build argument 'cmake_args' from command line to 'None'
[0.390s] Level 5:colcon.colcon_core.verb:set package 'meu_primeiro_pacote' build argument 'cmake_target' from command line to 'None'
[0.390s] Level 5:colcon.colcon_core.verb:set package 'meu_primeiro_pacote' build argument 'cmake_target_skip_unavailable' from command line to 'False'
[0.390s] Level 5:colcon.colcon_core.verb:set package 'meu_primeiro_pacote' build argument 'cmake_clean_cache' from command line to 'False'
[0.391s] Level 5:colcon.colcon_core.verb:set package 'meu_primeiro_pacote' build argument 'cmake_clean_first' from command line to 'False'
[0.391s] Level 5:colcon.colcon_core.verb:set package 'meu_primeiro_pacote' build argument 'cmake_force_configure' from command line to 'False'
[0.391s] Level 5:colcon.colcon_core.verb:set package 'meu_primeiro_pacote' build argument 'ament_cmake_args' from command line to 'None'
[0.391s] Level 5:colcon.colcon_core.verb:set package 'meu_primeiro_pacote' build argument 'catkin_cmake_args' from command line to 'None'
[0.391s] Level 5:colcon.colcon_core.verb:set package 'meu_primeiro_pacote' build argument 'catkin_skip_building_tests' from command line to 'False'
[0.391s] DEBUG:colcon.colcon_core.verb:Building package 'meu_primeiro_pacote' with the following arguments: {'ament_cmake_args': None, 'build_base': '/home/robot/ws_aprendendo_ros2/src/build/meu_primeiro_pacote', 'catkin_cmake_args': None, 'catkin_skip_building_tests': False, 'cmake_args': None, 'cmake_clean_cache': False, 'cmake_clean_first': False, 'cmake_force_configure': False, 'cmake_target': None, 'cmake_target_skip_unavailable': False, 'install_base': '/home/robot/ws_aprendendo_ros2/src/install/meu_primeiro_pacote', 'merge_install': False, 'path': '/home/robot/ws_aprendendo_ros2/src/meu_primeiro_pacote', 'symlink_install': False, 'test_result_base': None}
[0.392s] Level 5:colcon.colcon_core.verb:set package 'pacote_de_exemplos' build argument 'cmake_args' from command line to 'None'
[0.392s] Level 5:colcon.colcon_core.verb:set package 'pacote_de_exemplos' build argument 'cmake_target' from command line to 'None'
[0.392s] Level 5:colcon.colcon_core.verb:set package 'pacote_de_exemplos' build argument 'cmake_target_skip_unavailable' from command line to 'False'
[0.392s] Level 5:colcon.colcon_core.verb:set package 'pacote_de_exemplos' build argument 'cmake_clean_cache' from command line to 'False'
[0.392s] Level 5:colcon.colcon_core.verb:set package 'pacote_de_exemplos' build argument 'cmake_clean_first' from command line to 'False'
[0.392s] Level 5:colcon.colcon_core.verb:set package 'pacote_de_exemplos' build argument 'cmake_force_configure' from command line to 'False'
[0.392s] Level 5:colcon.colcon_core.verb:set package 'pacote_de_exemplos' build argument 'ament_cmake_args' from command line to 'None'
[0.392s] Level 5:colcon.colcon_core.verb:set package 'pacote_de_exemplos' build argument 'catkin_cmake_args' from command line to 'None'
[0.392s] Level 5:colcon.colcon_core.verb:set package 'pacote_de_exemplos' build argument 'catkin_skip_building_tests' from command line to 'False'
[0.392s] DEBUG:colcon.colcon_core.verb:Building package 'pacote_de_exemplos' with the following arguments: {'ament_cmake_args': None, 'build_base': '/home/robot/ws_aprendendo_ros2/src/build/pacote_de_exemplos', 'catkin_cmake_args': None, 'catkin_skip_building_tests': False, 'cmake_args': None, 'cmake_clean_cache': False, 'cmake_clean_first': False, 'cmake_force_configure': False, 'cmake_target': None, 'cmake_target_skip_unavailable': False, 'install_base': '/home/robot/ws_aprendendo_ros2/src/install/pacote_de_exemplos', 'merge_install': False, 'path': '/home/robot/ws_aprendendo_ros2/src/pacote_de_exemplos', 'symlink_install': False, 'test_result_base': None}
[0.393s] INFO:colcon.colcon_core.executor:Executing jobs using 'parallel' executor
[0.396s] DEBUG:colcon.colcon_parallel_executor.executor.parallel:run_until_complete
[0.397s] INFO:colcon.colcon_ros.task.ament_python.build:Building ROS package in '/home/robot/ws_aprendendo_ros2/src/curintia' with build type 'ament_python'
[0.397s] Level 1:colcon.colcon_core.shell:create_environment_hook('curintia', 'ament_prefix_path')
[0.402s] INFO:colcon.colcon_core.plugin_system:Skipping extension 'colcon_core.shell.bat': Not used on non-Windows systems
[0.402s] INFO:colcon.colcon_core.shell:Creating environment hook '/home/robot/ws_aprendendo_ros2/src/install/curintia/share/curintia/hook/ament_prefix_path.ps1'
[0.403s] INFO:colcon.colcon_core.shell:Creating environment descriptor '/home/robot/ws_aprendendo_ros2/src/install/curintia/share/curintia/hook/ament_prefix_path.dsv'
[0.403s] INFO:colcon.colcon_core.shell:Creating environment hook '/home/robot/ws_aprendendo_ros2/src/install/curintia/share/curintia/hook/ament_prefix_path.sh'
[0.405s] INFO:colcon.colcon_core.shell:Skip shell extension 'powershell' for command environment: Not usable outside of PowerShell
[0.405s] DEBUG:colcon.colcon_core.shell:Skip shell extension 'dsv' for command environment
[0.412s] INFO:colcon.colcon_ros.task.ament_python.build:Building ROS package in '/home/robot/ws_aprendendo_ros2/src/meu_primeiro_pacote' with build type 'ament_python'
[0.412s] Level 1:colcon.colcon_core.shell:create_environment_hook('meu_primeiro_pacote', 'ament_prefix_path')
[0.414s] INFO:colcon.colcon_core.shell:Creating environment hook '/home/robot/ws_aprendendo_ros2/src/install/meu_primeiro_pacote/share/meu_primeiro_pacote/hook/ament_prefix_path.ps1'
[0.414s] INFO:colcon.colcon_core.shell:Creating environment descriptor '/home/robot/ws_aprendendo_ros2/src/install/meu_primeiro_pacote/share/meu_primeiro_pacote/hook/ament_prefix_path.dsv'
[0.415s] INFO:colcon.colcon_core.shell:Creating environment hook '/home/robot/ws_aprendendo_ros2/src/install/meu_primeiro_pacote/share/meu_primeiro_pacote/hook/ament_prefix_path.sh'
[0.416s] INFO:colcon.colcon_core.shell:Skip shell extension 'powershell' for command environment: Not usable outside of PowerShell
[0.417s] DEBUG:colcon.colcon_core.shell:Skip shell extension 'dsv' for command environment
[0.671s] INFO:colcon.colcon_core.task.python.build:Building Python package in '/home/robot/ws_aprendendo_ros2/src/curintia'
[0.672s] INFO:colcon.colcon_core.shell:Skip shell extension 'powershell' for command environment: Not usable outside of PowerShell
[0.673s] DEBUG:colcon.colcon_core.shell:Skip shell extension 'dsv' for command environment
[0.948s] INFO:colcon.colcon_core.task.python.build:Building Python package in '/home/robot/ws_aprendendo_ros2/src/meu_primeiro_pacote'
[0.949s] INFO:colcon.colcon_core.shell:Skip shell extension 'powershell' for command environment: Not usable outside of PowerShell
[0.949s] DEBUG:colcon.colcon_core.shell:Skip shell extension 'dsv' for command environment
[1.474s] DEBUG:colcon.colcon_core.event_handler.log_command:Invoking command in '/home/robot/ws_aprendendo_ros2/src/curintia': PYTHONPATH=/home/robot/ws_aprendendo_ros2/src/build/curintia/prefix_override:/home/robot/ws_aprendendo_ros2/src/install/curintia/lib/python3.10/site-packages:${PYTHONPATH} /usr/bin/python3 setup.py egg_info --egg-base ../build/curintia build --build-base /home/robot/ws_aprendendo_ros2/src/build/curintia/build install --record /home/robot/ws_aprendendo_ros2/src/build/curintia/install.log --single-version-externally-managed
[1.478s] DEBUG:colcon.colcon_core.event_handler.log_command:Invoking command in '/home/robot/ws_aprendendo_ros2/src/meu_primeiro_pacote': PYTHONPATH=/home/robot/ws_aprendendo_ros2/src/build/meu_primeiro_pacote/prefix_override:/home/robot/ws_aprendendo_ros2/src/install/meu_primeiro_pacote/lib/python3.10/site-packages:${PYTHONPATH} /usr/bin/python3 setup.py egg_info --egg-base ../build/meu_primeiro_pacote build --build-base /home/robot/ws_aprendendo_ros2/src/build/meu_primeiro_pacote/build install --record /home/robot/ws_aprendendo_ros2/src/build/meu_primeiro_pacote/install.log --single-version-externally-managed
[2.028s] DEBUG:colcon.colcon_core.event_handler.log_command:Invoked command in '/home/robot/ws_aprendendo_ros2/src/curintia' returned '0': PYTHONPATH=/home/robot/ws_aprendendo_ros2/src/build/curintia/prefix_override:/home/robot/ws_aprendendo_ros2/src/install/curintia/lib/python3.10/site-packages:${PYTHONPATH} /usr/bin/python3 setup.py egg_info --egg-base ../build/curintia build --build-base /home/robot/ws_aprendendo_ros2/src/build/curintia/build install --record /home/robot/ws_aprendendo_ros2/src/build/curintia/install.log --single-version-externally-managed
[2.031s] Level 1:colcon.colcon_core.environment:checking '/home/robot/ws_aprendendo_ros2/src/install/curintia' for CMake module files
[2.032s] Level 1:colcon.colcon_core.environment:checking '/home/robot/ws_aprendendo_ros2/src/install/curintia' for CMake config files
[2.033s] Level 1:colcon.colcon_core.environment:checking '/home/robot/ws_aprendendo_ros2/src/install/curintia/lib'
[2.034s] Level 1:colcon.colcon_core.environment:checking '/home/robot/ws_aprendendo_ros2/src/install/curintia/bin'
[2.034s] Level 1:colcon.colcon_core.environment:checking '/home/robot/ws_aprendendo_ros2/src/install/curintia/lib/pkgconfig/curintia.pc'
[2.034s] Level 1:colcon.colcon_core.environment:checking '/home/robot/ws_aprendendo_ros2/src/install/curintia/lib/python3.10/site-packages'
[2.035s] Level 1:colcon.colcon_core.shell:create_environment_hook('curintia', 'pythonpath')
[2.036s] INFO:colcon.colcon_core.shell:Creating environment hook '/home/robot/ws_aprendendo_ros2/src/install/curintia/share/curintia/hook/pythonpath.ps1'
[2.036s] INFO:colcon.colcon_core.shell:Creating environment descriptor '/home/robot/ws_aprendendo_ros2/src/install/curintia/share/curintia/hook/pythonpath.dsv'
[2.037s] INFO:colcon.colcon_core.shell:Creating environment hook '/home/robot/ws_aprendendo_ros2/src/install/curintia/share/curintia/hook/pythonpath.sh'
[2.037s] Level 1:colcon.colcon_core.environment:checking '/home/robot/ws_aprendendo_ros2/src/install/curintia/bin'
[2.037s] Level 1:colcon.colcon_core.environment:create_environment_scripts_only(curintia)
[2.039s] INFO:colcon.colcon_core.shell:Creating package script '/home/robot/ws_aprendendo_ros2/src/install/curintia/share/curintia/package.ps1'
[2.039s] INFO:colcon.colcon_core.shell:Creating package descriptor '/home/robot/ws_aprendendo_ros2/src/install/curintia/share/curintia/package.dsv'
[2.040s] INFO:colcon.colcon_core.shell:Creating package script '/home/robot/ws_aprendendo_ros2/src/install/curintia/share/curintia/package.sh'
[2.041s] INFO:colcon.colcon_core.shell:Creating package script '/home/robot/ws_aprendendo_ros2/src/install/curintia/share/curintia/package.bash'
[2.041s] INFO:colcon.colcon_core.shell:Creating package script '/home/robot/ws_aprendendo_ros2/src/install/curintia/share/curintia/package.zsh'
[2.042s] Level 1:colcon.colcon_core.environment:create_file_with_runtime_dependencies(/home/robot/ws_aprendendo_ros2/src/install/curintia/share/colcon-core/packages/curintia)
[2.042s] INFO:colcon.colcon_ros.task.ament_python.build:Building ROS package in '/home/robot/ws_aprendendo_ros2/src/pacote_de_exemplos' with build type 'ament_python'
[2.043s] Level 1:colcon.colcon_core.shell:create_environment_hook('pacote_de_exemplos', 'ament_prefix_path')
[2.046s] INFO:colcon.colcon_core.shell:Creating environment hook '/home/robot/ws_aprendendo_ros2/src/install/pacote_de_exemplos/share/pacote_de_exemplos/hook/ament_prefix_path.ps1'
[2.046s] INFO:colcon.colcon_core.shell:Creating environment descriptor '/home/robot/ws_aprendendo_ros2/src/install/pacote_de_exemplos/share/pacote_de_exemplos/hook/ament_prefix_path.dsv'
[2.047s] INFO:colcon.colcon_core.shell:Creating environment hook '/home/robot/ws_aprendendo_ros2/src/install/pacote_de_exemplos/share/pacote_de_exemplos/hook/ament_prefix_path.sh'
[2.049s] INFO:colcon.colcon_core.shell:Skip shell extension 'powershell' for command environment: Not usable outside of PowerShell
[2.049s] DEBUG:colcon.colcon_core.shell:Skip shell extension 'dsv' for command environment
[2.057s] Level 1:colcon.colcon_core.environment:checking '/home/robot/ws_aprendendo_ros2/src/install/meu_primeiro_pacote' for CMake module files
[2.058s] DEBUG:colcon.colcon_core.event_handler.log_command:Invoked command in '/home/robot/ws_aprendendo_ros2/src/meu_primeiro_pacote' returned '0': PYTHONPATH=/home/robot/ws_aprendendo_ros2/src/build/meu_primeiro_pacote/prefix_override:/home/robot/ws_aprendendo_ros2/src/install/meu_primeiro_pacote/lib/python3.10/site-packages:${PYTHONPATH} /usr/bin/python3 setup.py egg_info --egg-base ../build/meu_primeiro_pacote build --build-base /home/robot/ws_aprendendo_ros2/src/build/meu_primeiro_pacote/build install --record /home/robot/ws_aprendendo_ros2/src/build/meu_primeiro_pacote/install.log --single-version-externally-managed
[2.058s] Level 1:colcon.colcon_core.environment:checking '/home/robot/ws_aprendendo_ros2/src/install/meu_primeiro_pacote' for CMake config files
[2.059s] Level 1:colcon.colcon_core.environment:checking '/home/robot/ws_aprendendo_ros2/src/install/meu_primeiro_pacote/lib'
[2.059s] Level 1:colcon.colcon_core.environment:checking '/home/robot/ws_aprendendo_ros2/src/install/meu_primeiro_pacote/bin'
[2.059s] Level 1:colcon.colcon_core.environment:checking '/home/robot/ws_aprendendo_ros2/src/install/meu_primeiro_pacote/lib/pkgconfig/meu_primeiro_pacote.pc'
[2.059s] Level 1:colcon.colcon_core.environment:checking '/home/robot/ws_aprendendo_ros2/src/install/meu_primeiro_pacote/lib/python3.10/site-packages'
[2.059s] Level 1:colcon.colcon_core.shell:create_environment_hook('meu_primeiro_pacote', 'pythonpath')
[2.060s] INFO:colcon.colcon_core.shell:Creating environment hook '/home/robot/ws_aprendendo_ros2/src/install/meu_primeiro_pacote/share/meu_primeiro_pacote/hook/pythonpath.ps1'
[2.061s] INFO:colcon.colcon_core.shell:Creating environment descriptor '/home/robot/ws_aprendendo_ros2/src/install/meu_primeiro_pacote/share/meu_primeiro_pacote/hook/pythonpath.dsv'
[2.061s] INFO:colcon.colcon_core.shell:Creating environment hook '/home/robot/ws_aprendendo_ros2/src/install/meu_primeiro_pacote/share/meu_primeiro_pacote/hook/pythonpath.sh'
[2.062s] Level 1:colcon.colcon_core.environment:checking '/home/robot/ws_aprendendo_ros2/src/install/meu_primeiro_pacote/bin'
[2.062s] Level 1:colcon.colcon_core.environment:create_environment_scripts_only(meu_primeiro_pacote)
[2.063s] INFO:colcon.colcon_core.shell:Creating package script '/home/robot/ws_aprendendo_ros2/src/install/meu_primeiro_pacote/share/meu_primeiro_pacote/package.ps1'
[2.063s] INFO:colcon.colcon_core.shell:Creating package descriptor '/home/robot/ws_aprendendo_ros2/src/install/meu_primeiro_pacote/share/meu_primeiro_pacote/package.dsv'
[2.064s] INFO:colcon.colcon_core.shell:Creating package script '/home/robot/ws_aprendendo_ros2/src/install/meu_primeiro_pacote/share/meu_primeiro_pacote/package.sh'
[2.064s] INFO:colcon.colcon_core.shell:Creating package script '/home/robot/ws_aprendendo_ros2/src/install/meu_primeiro_pacote/share/meu_primeiro_pacote/package.bash'
[2.065s] INFO:colcon.colcon_core.shell:Creating package script '/home/robot/ws_aprendendo_ros2/src/install/meu_primeiro_pacote/share/meu_primeiro_pacote/package.zsh'
[2.065s] Level 1:colcon.colcon_core.environment:create_file_with_runtime_dependencies(/home/robot/ws_aprendendo_ros2/src/install/meu_primeiro_pacote/share/colcon-core/packages/meu_primeiro_pacote)
[2.320s] INFO:colcon.colcon_core.task.python.build:Building Python package in '/home/robot/ws_aprendendo_ros2/src/pacote_de_exemplos'
[2.321s] INFO:colcon.colcon_core.shell:Skip shell extension 'powershell' for command environment: Not usable outside of PowerShell
[2.321s] DEBUG:colcon.colcon_core.shell:Skip shell extension 'dsv' for command environment
[2.676s] DEBUG:colcon.colcon_core.event_handler.log_command:Invoking command in '/home/robot/ws_aprendendo_ros2/src/pacote_de_exemplos': PYTHONPATH=/home/robot/ws_aprendendo_ros2/src/build/pacote_de_exemplos/prefix_override:/home/robot/ws_aprendendo_ros2/src/install/pacote_de_exemplos/lib/python3.10/site-packages:${PYTHONPATH} /usr/bin/python3 setup.py egg_info --egg-base ../build/pacote_de_exemplos build --build-base /home/robot/ws_aprendendo_ros2/src/build/pacote_de_exemplos/build install --record /home/robot/ws_aprendendo_ros2/src/build/pacote_de_exemplos/install.log --single-version-externally-managed
[3.081s] Level 1:colcon.colcon_core.environment:checking '/home/robot/ws_aprendendo_ros2/src/install/pacote_de_exemplos' for CMake module files
[3.082s] DEBUG:colcon.colcon_core.event_handler.log_command:Invoked command in '/home/robot/ws_aprendendo_ros2/src/pacote_de_exemplos' returned '0': PYTHONPATH=/home/robot/ws_aprendendo_ros2/src/build/pacote_de_exemplos/prefix_override:/home/robot/ws_aprendendo_ros2/src/install/pacote_de_exemplos/lib/python3.10/site-packages:${PYTHONPATH} /usr/bin/python3 setup.py egg_info --egg-base ../build/pacote_de_exemplos build --build-base /home/robot/ws_aprendendo_ros2/src/build/pacote_de_exemplos/build install --record /home/robot/ws_aprendendo_ros2/src/build/pacote_de_exemplos/install.log --single-version-externally-managed
[3.082s] Level 1:colcon.colcon_core.environment:checking '/home/robot/ws_aprendendo_ros2/src/install/pacote_de_exemplos' for CMake config files
[3.083s] Level 1:colcon.colcon_core.environment:checking '/home/robot/ws_aprendendo_ros2/src/install/pacote_de_exemplos/lib'
[3.084s] Level 1:colcon.colcon_core.environment:checking '/home/robot/ws_aprendendo_ros2/src/install/pacote_de_exemplos/bin'
[3.084s] Level 1:colcon.colcon_core.environment:checking '/home/robot/ws_aprendendo_ros2/src/install/pacote_de_exemplos/lib/pkgconfig/pacote_de_exemplos.pc'
[3.084s] Level 1:colcon.colcon_core.environment:checking '/home/robot/ws_aprendendo_ros2/src/install/pacote_de_exemplos/lib/python3.10/site-packages'
[3.084s] Level 1:colcon.colcon_core.shell:create_environment_hook('pacote_de_exemplos', 'pythonpath')
[3.085s] INFO:colcon.colcon_core.shell:Creating environment hook '/home/robot/ws_aprendendo_ros2/src/install/pacote_de_exemplos/share/pacote_de_exemplos/hook/pythonpath.ps1'
[3.086s] INFO:colcon.colcon_core.shell:Creating environment descriptor '/home/robot/ws_aprendendo_ros2/src/install/pacote_de_exemplos/share/pacote_de_exemplos/hook/pythonpath.dsv'
[3.086s] INFO:colcon.colcon_core.shell:Creating environment hook '/home/robot/ws_aprendendo_ros2/src/install/pacote_de_exemplos/share/pacote_de_exemplos/hook/pythonpath.sh'
[3.086s] Level 1:colcon.colcon_core.environment:checking '/home/robot/ws_aprendendo_ros2/src/install/pacote_de_exemplos/bin'
[3.087s] Level 1:colcon.colcon_core.environment:create_environment_scripts_only(pacote_de_exemplos)
[3.088s] INFO:colcon.colcon_core.shell:Creating package script '/home/robot/ws_aprendendo_ros2/src/install/pacote_de_exemplos/share/pacote_de_exemplos/package.ps1'
[3.088s] INFO:colcon.colcon_core.shell:Creating package descriptor '/home/robot/ws_aprendendo_ros2/src/install/pacote_de_exemplos/share/pacote_de_exemplos/package.dsv'
[3.089s] INFO:colcon.colcon_core.shell:Creating package script '/home/robot/ws_aprendendo_ros2/src/install/pacote_de_exemplos/share/pacote_de_exemplos/package.sh'
[3.089s] INFO:colcon.colcon_core.shell:Creating package script '/home/robot/ws_aprendendo_ros2/src/install/pacote_de_exemplos/share/pacote_de_exemplos/package.bash'
[3.089s] INFO:colcon.colcon_core.shell:Creating package script '/home/robot/ws_aprendendo_ros2/src/install/pacote_de_exemplos/share/pacote_de_exemplos/package.zsh'
[3.090s] Level 1:colcon.colcon_core.environment:create_file_with_runtime_dependencies(/home/robot/ws_aprendendo_ros2/src/install/pacote_de_exemplos/share/colcon-core/packages/pacote_de_exemplos)
[3.090s] DEBUG:colcon.colcon_parallel_executor.executor.parallel:closing loop
[3.091s] DEBUG:colcon.colcon_parallel_executor.executor.parallel:loop closed
[3.091s] DEBUG:colcon.colcon_parallel_executor.executor.parallel:run_until_complete finished with '0'
[3.091s] DEBUG:colcon.colcon_core.event_reactor:joining thread
[3.097s] INFO:colcon.colcon_core.plugin_system:Skipping extension 'colcon_notification.desktop_notification.notify_send': Could not find 'notify-send'
[3.097s] INFO:colcon.colcon_core.plugin_system:Skipping extension 'colcon_notification.desktop_notification.terminal_notifier': Not used on non-Darwin systems
[3.098s] INFO:colcon.colcon_core.plugin_system:Skipping extension 'colcon_notification.desktop_notification.win32': Not used on non-Windows systems
[3.098s] INFO:colcon.colcon_notification.desktop_notification:Sending desktop notification using 'notify2'
[3.101s] DEBUG:colcon.colcon_notification.desktop_notification.notify2:Failed to initialize notify2: org.freedesktop.DBus.Error.Spawn.ExecFailed: /usr/bin/dbus-launch terminated abnormally without any error message
[3.101s] DEBUG:colcon.colcon_core.event_reactor:joined thread
[3.103s] INFO:colcon.colcon_core.shell:Creating prefix script '/home/robot/ws_aprendendo_ros2/src/install/local_setup.ps1'
[3.104s] INFO:colcon.colcon_core.shell:Creating prefix util module '/home/robot/ws_aprendendo_ros2/src/install/_local_setup_util_ps1.py'
[3.105s] INFO:colcon.colcon_core.shell:Creating prefix chain script '/home/robot/ws_aprendendo_ros2/src/install/setup.ps1'
[3.107s] INFO:colcon.colcon_core.shell:Creating prefix script '/home/robot/ws_aprendendo_ros2/src/install/local_setup.sh'
[3.107s] INFO:colcon.colcon_core.shell:Creating prefix util module '/home/robot/ws_aprendendo_ros2/src/install/_local_setup_util_sh.py'
[3.108s] INFO:colcon.colcon_core.shell:Creating prefix chain script '/home/robot/ws_aprendendo_ros2/src/install/setup.sh'
[3.109s] INFO:colcon.colcon_core.shell:Creating prefix script '/home/robot/ws_aprendendo_ros2/src/install/local_setup.bash'
[3.110s] INFO:colcon.colcon_core.shell:Creating prefix chain script '/home/robot/ws_aprendendo_ros2/src/install/setup.bash'
[3.111s] INFO:colcon.colcon_core.shell:Creating prefix script '/home/robot/ws_aprendendo_ros2/src/install/local_setup.zsh'
[3.111s] INFO:colcon.colcon_core.shell:Creating prefix chain script '/home/robot/ws_aprendendo_ros2/src/install/setup.zsh'
