[1.138s] Invoking command in '/home/robot/ws_aprendendo_ros2/src/curintia': PYTHONPATH=/home/robot/ws_aprendendo_ros2/src/build/curintia/prefix_override:/home/robot/ws_aprendendo_ros2/src/install/curintia/lib/python3.10/site-packages:${PYTHONPATH} /usr/bin/python3 setup.py egg_info --egg-base ../build/curintia build --build-base /home/robot/ws_aprendendo_ros2/src/build/curintia/build install --record /home/robot/ws_aprendendo_ros2/src/build/curintia/install.log --single-version-externally-managed
[1.623s] running egg_info
[1.624s] writing ../build/curintia/curintia.egg-info/PKG-INFO
[1.625s] writing dependency_links to ../build/curintia/curintia.egg-info/dependency_links.txt
[1.625s] writing entry points to ../build/curintia/curintia.egg-info/entry_points.txt
[1.626s] writing requirements to ../build/curintia/curintia.egg-info/requires.txt
[1.627s] writing top-level names to ../build/curintia/curintia.egg-info/top_level.txt
[1.628s] reading manifest file '../build/curintia/curintia.egg-info/SOURCES.txt'
[1.629s] writing manifest file '../build/curintia/curintia.egg-info/SOURCES.txt'
[1.629s] running build
[1.630s] running build_py
[1.631s] copying curintia/roger_guedes.py -> /home/robot/ws_aprendendo_ros2/src/build/curintia/build/lib/curintia
[1.632s] copying curintia/yuri_alberto.py -> /home/robot/ws_aprendendo_ros2/src/build/curintia/build/lib/curintia
[1.632s] running install
[1.633s] running install_lib
[1.634s] copying /home/robot/ws_aprendendo_ros2/src/build/curintia/build/lib/curintia/roger_guedes.py -> /home/robot/ws_aprendendo_ros2/src/install/curintia/lib/python3.10/site-packages/curintia
[1.634s] copying /home/robot/ws_aprendendo_ros2/src/build/curintia/build/lib/curintia/yuri_alberto.py -> /home/robot/ws_aprendendo_ros2/src/install/curintia/lib/python3.10/site-packages/curintia
[1.635s] byte-compiling /home/robot/ws_aprendendo_ros2/src/install/curintia/lib/python3.10/site-packages/curintia/roger_guedes.py to roger_guedes.cpython-310.pyc
[1.636s] byte-compiling /home/robot/ws_aprendendo_ros2/src/install/curintia/lib/python3.10/site-packages/curintia/yuri_alberto.py to yuri_alberto.cpython-310.pyc
[1.636s] running install_data
[1.637s] creating /home/robot/ws_aprendendo_ros2/src/install/curintia/share/curintia/launch
[1.638s] copying launch/batata.py -> /home/robot/ws_aprendendo_ros2/src/install/curintia/share/curintia/launch
[1.638s] running install_egg_info
[1.639s] removing '/home/robot/ws_aprendendo_ros2/src/install/curintia/lib/python3.10/site-packages/curintia-0.0.0-py3.10.egg-info' (and everything under it)
[1.640s] Copying ../build/curintia/curintia.egg-info to /home/robot/ws_aprendendo_ros2/src/install/curintia/lib/python3.10/site-packages/curintia-0.0.0-py3.10.egg-info
[1.641s] running install_scripts
[1.670s] Installing roger_guedes script to /home/robot/ws_aprendendo_ros2/src/install/curintia/lib/curintia
[1.670s] Installing yuri_alberto script to /home/robot/ws_aprendendo_ros2/src/install/curintia/lib/curintia
[1.671s] writing list of installed files to '/home/robot/ws_aprendendo_ros2/src/build/curintia/install.log'
[1.943s] Invoked command in '/home/robot/ws_aprendendo_ros2/src/curintia' returned '0': PYTHONPATH=/home/robot/ws_aprendendo_ros2/src/build/curintia/prefix_override:/home/robot/ws_aprendendo_ros2/src/install/curintia/lib/python3.10/site-packages:${PYTHONPATH} /usr/bin/python3 setup.py egg_info --egg-base ../build/curintia build --build-base /home/robot/ws_aprendendo_ros2/src/build/curintia/build install --record /home/robot/ws_aprendendo_ros2/src/build/curintia/install.log --single-version-externally-managed
